<?xml version="1.0" encoding="UTF-8"?>
<!-- Generated by org.testng.reporters.JUnitReportReporter -->
<testsuite hostname="Aditya" failures="0" tests="3" name="LoginTest.LoginPageTest" time="30.309" errors="0" timestamp="2023-03-30T06:58:09 EDT" skipped="0">
  <testcase classname="LoginTest.LoginPageTest" name="loginPageTitleTest" time="6.967"/>
  <system-out/>
  <testcase classname="LoginTest.LoginPageTest" name="crmlogoImageTest" time="7.078"/>
  <system-out/>
  <testcase classname="LoginTest.LoginPageTest" name="Login" time="16.264"/>
  <system-out/>
</testsuite> <!-- LoginTest.LoginPageTest -->
